2025/12/17 20:48:33 [warn] 1#1: conflicting server name "_" on 0.0.0.0:80, ignored
2025/12/17 20:49:02 [error] 22#22: *3 open() "/etc/nginx/html/static/css/styles.css" failed (2: No such file or directory), client: 192.168.65.1, server: _, request: "HEAD /static/css/styles.css HTTP/1.1", host: "localhost"
2025/12/17 21:24:35 [emerg] 1#1: unknown directive "more_clear_headers" in /etc/nginx/conf.d/default.conf:21
2025/12/17 21:56:12 [emerg] 1#1: invalid number of arguments in "proxy_hide_header" directive in /etc/nginx/conf.d/default.conf:21
2025/12/17 21:59:48 [error] 21#21: *2 open() "/usr/share/nginx/html/static/css/styles.css" failed (2: No such file or directory), client: 192.168.65.1, server: _, request: "HEAD /static/css/styles.css HTTP/1.1", host: "localhost"
2025/12/17 22:10:02 [warn] 1#1: duplicate MIME type "text/html" in /etc/nginx/conf.d/default.conf:101
2025/12/17 22:10:02 [warn] 1#1: duplicate MIME type "text/html" in /etc/nginx/conf.d/default.conf:354
2025/12/17 22:29:17 [emerg] 1#1: directive "server" is not terminated by ";" in /etc/nginx/conf.d/default.conf:8
2025/12/17 22:31:00 [emerg] 1#1: directive "server" is not terminated by ";" in /etc/nginx/conf.d/default.conf:8
2025/12/17 22:31:13 [emerg] 1#1: directive "server" is not terminated by ";" in /etc/nginx/conf.d/default.conf:8
2025/12/17 22:39:45 [warn] 1#1: duplicate MIME type "text/html" in /etc/nginx/conf.d/default.conf:105
2025/12/17 22:39:45 [warn] 1#1: duplicate MIME type "text/html" in /etc/nginx/conf.d/default.conf:358
2025/12/17 22:39:56 [warn] 1#1: duplicate MIME type "text/html" in /etc/nginx/conf.d/default.conf:105
2025/12/17 22:39:56 [warn] 1#1: duplicate MIME type "text/html" in /etc/nginx/conf.d/default.conf:358
2025/12/17 22:52:41 [warn] 1#1: duplicate MIME type "text/html" in /etc/nginx/conf.d/default.conf:105
2025/12/17 22:52:41 [warn] 1#1: duplicate MIME type "text/html" in /etc/nginx/conf.d/default.conf:358
2025/12/17 22:52:41 [emerg] 1#1: unknown directive "more_clear_headers" in /etc/nginx/conf.d/monitoring.conf:7
2025/12/17 23:00:42 [warn] 1#1: duplicate MIME type "text/html" in /etc/nginx/conf.d/default.conf:105
2025/12/17 23:00:42 [warn] 1#1: duplicate MIME type "text/html" in /etc/nginx/conf.d/default.conf:358
2025/12/17 23:00:42 [emerg] 1#1: "proxy_cache_path" directive is not allowed here in /etc/nginx/conf.d/monitoring.conf:31
2025/12/17 23:01:41 [warn] 1#1: duplicate MIME type "text/html" in /etc/nginx/conf.d/default.conf:105
2025/12/17 23:01:41 [warn] 1#1: duplicate MIME type "text/html" in /etc/nginx/conf.d/default.conf:358
2025/12/17 23:01:41 [emerg] 1#1: "proxy_cache" zone "grafana_cache" is unknown in /etc/nginx/nginx.conf:42
2025/12/17 23:11:12 [warn] 1#1: duplicate MIME type "text/html" in /etc/nginx/conf.d/app.conf:105
2025/12/17 23:11:12 [warn] 1#1: duplicate MIME type "text/html" in /etc/nginx/conf.d/app.conf:358
2025/12/17 23:11:12 [emerg] 1#1: duplicate location "/monitoring" in /etc/nginx/conf.d/app.conf:401
2025/12/17 23:19:41 [warn] 1#1: duplicate MIME type "text/html" in /etc/nginx/conf.d/app.conf:105
2025/12/17 23:19:41 [warn] 1#1: duplicate MIME type "text/html" in /etc/nginx/conf.d/app.conf:358
2025/12/17 23:33:24 [emerg] 1#1: unknown directive "more_clear_headers" in /etc/nginx/conf.d/app.conf:40
2025/12/17 23:40:13 [warn] 1#1: duplicate MIME type "text/html" in /etc/nginx/conf.d/app.conf:107
2025/12/17 23:40:13 [warn] 1#1: duplicate MIME type "text/html" in /etc/nginx/conf.d/app.conf:127
2025/12/17 23:44:07 [warn] 1#1: duplicate MIME type "text/html" in /etc/nginx/conf.d/app.conf:103
2025/12/18 08:44:55 [warn] 1#1: duplicate MIME type "text/html" in /etc/nginx/conf.d/app.conf:103
2025/12/18 08:44:55 [warn] 1#1: duplicate MIME type "text/html" in /etc/nginx/conf.d/app.conf:356
2025/12/18 08:51:14 [warn] 1#1: duplicate MIME type "text/html" in /etc/nginx/conf.d/app.conf:102
2025/12/18 08:51:14 [warn] 1#1: duplicate MIME type "text/html" in /etc/nginx/conf.d/app.conf:355
2025/12/18 09:05:55 [warn] 1#1: duplicate MIME type "text/html" in /etc/nginx/conf.d/app.conf:93
2025/12/18 09:05:55 [warn] 1#1: duplicate MIME type "text/html" in /etc/nginx/conf.d/app.conf:346
2025/12/18 09:13:09 [warn] 1#1: duplicate MIME type "text/html" in /etc/nginx/conf.d/app.conf:106
2025/12/18 09:13:09 [warn] 1#1: duplicate MIME type "text/html" in /etc/nginx/conf.d/app.conf:359
2025/12/18 09:27:07 [warn] 1#1: duplicate MIME type "text/html" in /etc/nginx/conf.d/app.conf:106
2025/12/18 09:27:07 [warn] 1#1: duplicate MIME type "text/html" in /etc/nginx/conf.d/app.conf:336
2025/12/18 09:27:07 [emerg] 1#1: duplicate location "/" in /etc/nginx/conf.d/app.conf:458
2025/12/18 09:31:50 [warn] 1#1: duplicate MIME type "text/html" in /etc/nginx/conf.d/app.conf:95
2025/12/18 09:31:50 [warn] 1#1: duplicate MIME type "text/html" in /etc/nginx/conf.d/app.conf:299
2025/12/18 09:39:58 [warn] 1#1: duplicate MIME type "text/html" in /etc/nginx/conf.d/app.conf:98
2025/12/18 09:44:13 [warn] 1#1: duplicate MIME type "text/html" in /etc/nginx/conf.d/app.conf:98
2025/12/18 09:49:11 [warn] 1#1: duplicate MIME type "text/html" in /etc/nginx/conf.d/app.conf:90
2025/12/18 09:51:51 [warn] 1#1: duplicate MIME type "text/html" in /etc/nginx/conf.d/app.conf:90
2025/12/18 09:54:20 [warn] 1#1: duplicate MIME type "text/html" in /etc/nginx/conf.d/app.conf:86
2025/12/18 09:58:25 [warn] 1#1: duplicate MIME type "text/html" in /etc/nginx/conf.d/app.conf:86
2025/12/18 10:00:42 [warn] 1#1: duplicate MIME type "text/html" in /etc/nginx/conf.d/app.conf:86
2025/12/18 10:02:33 [warn] 1#1: duplicate MIME type "text/html" in /etc/nginx/conf.d/app.conf:86
2025/12/18 10:09:46 [warn] 1#1: duplicate MIME type "text/html" in /etc/nginx/conf.d/app.conf:84
2025/12/18 11:50:54 [warn] 1#1: duplicate MIME type "text/html" in /etc/nginx/conf.d/app.conf:90
2025/12/18 11:50:54 [emerg] 1#1: host not found in upstream "grafana_upstream" in /etc/nginx/conf.d/app.conf:42
2025/12/18 11:51:31 [warn] 1#1: duplicate MIME type "text/html" in /etc/nginx/conf.d/app.conf:90
2025/12/18 11:54:01 [emerg] 1#1: "proxy_cache" zone "my_cache" is unknown in /etc/nginx/nginx.conf:59
2025/12/18 11:55:43 [emerg] 1#1: "proxy_cache" zone "my_cache" is unknown in /etc/nginx/nginx.conf:59
2025/12/20 20:26:12 [warn] 1#1: duplicate MIME type "text/html" in /etc/nginx/conf.d/app.conf:122
